<?xml version="1.0" encoding="UTF-8"?>
<!-- Generated by org.testng.reporters.JUnitXMLReporter -->
<testsuite hostname="3WNR5Y2" name="Default test" tests="3" failures="0" timestamp="7 Apr 2020 11:36:28 GMT" time="23.859" errors="0">
  <testcase name="Login_Test" time="5.646" classname="com.tricentis.demowebshop.Login"/>
  <testcase name="OrderProduct_Test" time="3.725" classname="com.tricentis.demowebshop.Login"/>
  <testcase name="Payment_Test" time="3.951" classname="com.tricentis.demowebshop.Login"/>
</testsuite> <!-- Default test -->
