<?xml version="1.0" encoding="UTF-8"?>
<!-- Generated by org.testng.reporters.JUnitXMLReporter -->
<testsuite hostname="3WNR5Y2" name="WebsShopTest" tests="3" failures="0" timestamp="3 Apr 2020 12:51:05 GMT" time="22.813" errors="0">
  <testcase name="Login_Test" time="4.883" classname="com.tricentis.demowebshop.Login"/>
  <testcase name="OrderProduct_Test" time="3.327" classname="com.tricentis.demowebshop.Login"/>
  <testcase name="Payment_Test" time="4.998" classname="com.tricentis.demowebshop.Login"/>
</testsuite> <!-- WebsShopTest -->
